<?xml version="1.0" encoding="UTF-8"?>
<testsuite xmlns:xsi="http://www.w3.org/2001/XMLSchema-instance" xsi:noNamespaceSchemaLocation="https://maven.apache.org/surefire/maven-surefire-plugin/xsd/surefire-test-report.xsd" version="3.0.2" name="com.ebookstore.order.OrderControllerIT" time="16.246" tests="34" errors="0" skipped="0" failures="0">
  <properties>
[...]
</properties>
  <testcase name="cancelOrder_paidCancellation_paymentStatusRemainsSuccess" classname="com.ebookstore.order.OrderControllerIT" time="0.777">
    <system-out><![CDATA[2026-08-23T09:54:30.541Z  INFO 14468 --- [           main] t.c.s.AnnotationConfigContextLoaderUtils : Could not detect default configuration classes for test class [com.ebookstore.order.OrderControllerIT]: OrderControllerIT does not declare any static, non-private, non-final, nested classes annotated with @Configuration.
2026-08-23T09:54:30.648Z  INFO 14468 --- [           main] .b.t.c.SpringBootTestContextBootstrapper : Found @SpringBootConfiguration com.ebookstore.EbookstoreApplication for test class com.ebookstore.order.OrderControllerIT

  .   ____          _            __ _ _
 /\\ / ___'_ __ _ _(_)_ __  __ _ \ \ \ \
( ( )\___ | '_ | '_| | '_ \/ _` | \ \ \ \
 \\/  ___)| |_)| | | | | || (_| |  ) ) ) )
  '  |____| .__|_| |_|_| |_\__, | / / / /
 =========|_|==============|___/=/_/_/_/

 :: Spring Boot ::                (v3.4.1)

2026-08-23T09:54:30.737Z  INFO 14468 --- [           main] com.ebookstore.order.OrderControllerIT   : Starting OrderControllerIT using Java 21.0.12 with PID 14468 (started by BhargavBhutwala in C:\Users\BhargavBhutwala\Desktop\Capstone Project)
2026-08-23T09:54:30.737Z  INFO 14468 --- [           main] com.ebookstore.order.OrderControllerIT   : The following 1 profile is active: "test"
2026-08-23T09:54:32.558Z  INFO 14468 --- [           main] .s.d.r.c.RepositoryConfigurationDelegate : Bootstrapping Spring Data JPA repositories in DEFAULT mode.
2026-08-23T09:54:32.639Z  INFO 14468 --- [           main] .s.d.r.c.RepositoryConfigurationDelegate : Finished Spring Data repository scanning in 79 ms. Found 10 JPA repository interfaces.
2026-08-23T09:54:32.953Z  INFO 14468 --- [           main] o.s.b.w.embedded.tomcat.TomcatWebServer  : Tomcat initialized with port 0 (http)
2026-08-23T09:54:32.956Z  INFO 14468 --- [           main] o.apache.catalina.core.StandardService   : Starting service [Tomcat]
2026-08-23T09:54:32.956Z  INFO 14468 --- [           main] o.apache.catalina.core.StandardEngine    : Starting Servlet engine: [Apache Tomcat/10.1.34]
2026-08-23T09:54:33.017Z  INFO 14468 --- [           main] o.a.c.c.C.[Tomcat-1].[localhost].[/api]  : Initializing Spring embedded WebApplicationContext
2026-08-23T09:54:33.018Z  INFO 14468 --- [           main] w.s.c.ServletWebServerApplicationContext : Root WebApplicationContext: initialization completed in 2279 ms
2026-08-23T09:54:33.268Z  INFO 14468 --- [           main] com.zaxxer.hikari.HikariDataSource       : HikariPool-2 - Starting...
2026-08-23T09:54:33.305Z  INFO 14468 --- [           main] com.zaxxer.hikari.pool.HikariPool        : HikariPool-2 - Added connection org.postgresql.jdbc.PgConnection@d83969c
2026-08-23T09:54:33.305Z  INFO 14468 --- [           main] com.zaxxer.hikari.HikariDataSource       : HikariPool-2 - Start completed.
2026-08-23T09:54:33.311Z  INFO 14468 --- [           main] org.flywaydb.core.FlywayExecutor         : Database: jdbc:postgresql://localhost:54594/ebookstore_test?loggerLevel=OFF (PostgreSQL 16.15)
2026-08-23T09:54:33.414Z  INFO 14468 --- [           main] o.f.core.internal.command.DbValidate     : Successfully validated 11 migrations (execution time 00:00.077s)
2026-08-23T09:54:33.454Z  INFO 14468 --- [           main] o.f.core.internal.command.DbMigrate      : Current version of schema "public": 11
2026-08-23T09:54:33.458Z  INFO 14468 --- [           main] o.f.core.internal.command.DbMigrate      : Schema "public" is up to date. No migration necessary.
2026-08-23T09:54:33.561Z  INFO 14468 --- [           main] o.hibernate.jpa.internal.util.LogHelper  : HHH000204: Processing PersistenceUnitInfo [name: default]
2026-08-23T09:54:33.569Z  INFO 14468 --- [           main] o.h.c.internal.RegionFactoryInitiator    : HHH000026: Second-level cache disabled
2026-08-23T09:54:33.603Z  INFO 14468 --- [           main] o.s.o.j.p.SpringPersistenceUnitInfo      : No LoadTimeWeaver setup: ignoring JPA class transformer
2026-08-23T09:54:33.611Z  WARN 14468 --- [           main] org.hibernate.orm.deprecation            : HHH90000025: PostgreSQLDialect does not need to be specified explicitly using 'hibernate.dialect' (remove the property setting and it will be selected by default)
2026-08-23T09:54:33.618Z  INFO 14468 --- [           main] org.hibernate.orm.connections.pooling    : HHH10001005: Database info:
	Database JDBC URL [Connecting through datasource 'HikariDataSource (HikariPool-2)']
	Database driver: undefined/unknown
	Database version: 16.15
	Autocommit mode: undefined/unknown
	Isolation level: undefined/unknown
	Minimum pool size: undefined/unknown
	Maximum pool size: undefined/unknown
2026-08-23T09:54:34.083Z  INFO 14468 --- [           main] o.h.e.t.j.p.i.JtaPlatformInitiator       : HHH000489: No JTA platform available (set 'hibernate.transaction.jta.platform' to enable JTA platform integration)
2026-08-23T09:54:34.107Z  INFO 14468 --- [           main] j.LocalContainerEntityManagerFactoryBean : Initialized JPA EntityManagerFactory for persistence unit 'default'
2026-08-23T09:54:34.534Z  INFO 14468 --- [           main] eAuthenticationProviderManagerConfigurer : Global AuthenticationManager configured with AuthenticationProvider bean with name authenticationProvider
2026-08-23T09:54:34.535Z  WARN 14468 --- [           main] r$InitializeUserDetailsManagerConfigurer : Global AuthenticationManager configured with an AuthenticationProvider bean. UserDetailsService beans will not be used by Spring Security for automatically configuring username/password login. Consider removing the AuthenticationProvider bean. Alternatively, consider using the UserDetailsService in a manually instantiated DaoAuthenticationProvider. If the current configuration is intentional, to turn off this warning, increase the logging level of 'org.springframework.security.config.annotation.authentication.configuration.InitializeUserDetailsBeanManagerConfigurer' to ERROR
2026-08-23T09:54:34.848Z  WARN 14468 --- [           main] JpaBaseConfiguration$JpaWebConfiguration : spring.jpa.open-in-view is enabled by default. Therefore, database queries may be performed during view rendering. Explicitly configure spring.jpa.open-in-view to disable this warning
2026-08-23T09:54:35.120Z  INFO 14468 --- [           main] o.s.b.a.e.web.EndpointLinksResolver      : Exposing 1 endpoint beneath base path '/actuator'
2026-08-23T09:54:35.600Z  INFO 14468 --- [           main] o.a.c.c.C.[Tomcat-1].[localhost].[/api]  : Initializing Spring TestDispatcherServlet ''
2026-08-23T09:54:35.601Z  INFO 14468 --- [           main] o.s.t.web.servlet.TestDispatcherServlet  : Initializing Servlet ''
2026-08-23T09:54:35.602Z  INFO 14468 --- [           main] o.s.t.web.servlet.TestDispatcherServlet  : Completed initialization in 1 ms
2026-08-23T09:54:35.662Z  INFO 14468 --- [           main] o.s.b.w.embedded.tomcat.TomcatWebServer  : Tomcat started on port 61896 (http) with context path '/api'
2026-08-23T09:54:35.694Z  INFO 14468 --- [           main] com.ebookstore.order.OrderControllerIT   : Started OrderControllerIT in 5.039 seconds (process running for 44.221)
2026-08-23T09:54:35.918Z  INFO 14468 --- [           main] c.ebookstore.auth.service.AuthService    : Registered new user id=1 email=ord_canc_paid_pay@example.com
2026-08-23T09:54:36.120Z  INFO 14468 --- [           main] c.ebookstore.auth.service.AuthService    : User logged in: email=ord_canc_paid_pay@example.com
2026-08-23T09:54:36.172Z  INFO 14468 --- [           main] c.ebookstore.cart.service.CartService    : Added cart item: cartId=1, productId=1, qty=1
2026-08-23T09:54:36.295Z  INFO 14468 --- [           main] c.ebookstore.order.service.OrderService  : Order created: orderId=1, orderNumber=ORD-8C97C504B0A9, userId=1, total=39.99
2026-08-23T09:54:36.366Z  INFO 14468 --- [           main] c.e.p.p.SimulatedPaymentProcessor        : SimulatedPaymentProcessor: processing payment reference=PAY-24B7576A1B7D4F4F, amount=39.99
2026-08-23T09:54:36.367Z  INFO 14468 --- [           main] c.e.payment.service.PaymentService       : Payment successful: paymentId=1, paymentReference=PAY-24B7576A1B7D4F4F, orderId=1, userId=1, amount=39.99
2026-08-23T09:54:36.425Z  INFO 14468 --- [           main] c.ebookstore.order.service.OrderService  : Order cancelled: orderId=1, orderNumber=ORD-8C97C504B0A9, userId=1
]]></system-out>
  </testcase>
  <testcase name="checkout_unauthenticated_returns401" classname="com.ebookstore.order.OrderControllerIT" time="0.086">
    <system-out><![CDATA[2026-08-23T09:54:36.556Z  WARN 14468 --- [           main] com.ebookstore.security.AuthEntryPoint   : Unauthorized request to /orders: Full authentication is required to access this resource
]]></system-out>
  </testcase>
  <testcase name="checkout_shippingAddressSnapshotPersistedAsFlat7Fields" classname="com.ebookstore.order.OrderControllerIT" time="0.421">
    <system-out><![CDATA[2026-08-23T09:54:36.735Z  INFO 14468 --- [           main] c.ebookstore.auth.service.AuthService    : Registered new user id=1 email=ord_7field@example.com
2026-08-23T09:54:36.834Z  INFO 14468 --- [           main] c.ebookstore.auth.service.AuthService    : User logged in: email=ord_7field@example.com
2026-08-23T09:54:36.868Z  INFO 14468 --- [           main] c.ebookstore.cart.service.CartService    : Added cart item: cartId=1, productId=1, qty=1
2026-08-23T09:54:36.946Z  INFO 14468 --- [           main] c.ebookstore.order.service.OrderService  : Order created: orderId=1, orderNumber=ORD-F06B91A52AB1, userId=1, total=39.99
]]></system-out>
  </testcase>
  <testcase name="getOrder_anotherUsersOrder_returns404" classname="com.ebookstore.order.OrderControllerIT" time="0.548">
    <system-out><![CDATA[2026-08-23T09:54:37.136Z  INFO 14468 --- [           main] c.ebookstore.auth.service.AuthService    : Registered new user id=1 email=ord_owner@example.com
2026-08-23T09:54:37.232Z  INFO 14468 --- [           main] c.ebookstore.auth.service.AuthService    : User logged in: email=ord_owner@example.com
2026-08-23T09:54:37.326Z  INFO 14468 --- [           main] c.ebookstore.auth.service.AuthService    : Registered new user id=2 email=ord_other@example.com
2026-08-23T09:54:37.414Z  INFO 14468 --- [           main] c.ebookstore.auth.service.AuthService    : User logged in: email=ord_other@example.com
2026-08-23T09:54:37.444Z  INFO 14468 --- [           main] c.ebookstore.cart.service.CartService    : Added cart item: cartId=1, productId=1, qty=1
2026-08-23T09:54:37.504Z  INFO 14468 --- [           main] c.ebookstore.order.service.OrderService  : Order created: orderId=1, orderNumber=ORD-87FD247DF9BB, userId=1, total=39.99
2026-08-23T09:54:37.531Z  WARN 14468 --- [           main] c.e.c.exception.GlobalExceptionHandler   : Resource not found: Order not found with id: 1
]]></system-out>
  </testcase>
  <testcase name="buyAgain_partialUnavailability_availableProductsAddedUnavailableSkipped" classname="com.ebookstore.order.OrderControllerIT" time="0.453">
    <system-out><![CDATA[2026-08-23T09:54:37.661Z  INFO 14468 --- [           main] c.ebookstore.auth.service.AuthService    : Registered new user id=1 email=ord_ba_partial@example.com
2026-08-23T09:54:37.745Z  INFO 14468 --- [           main] c.ebookstore.auth.service.AuthService    : User logged in: email=ord_ba_partial@example.com
2026-08-23T09:54:37.778Z  INFO 14468 --- [           main] c.ebookstore.cart.service.CartService    : Added cart item: cartId=1, productId=1, qty=1
2026-08-23T09:54:37.810Z  INFO 14468 --- [           main] c.ebookstore.cart.service.CartService    : Added cart item: cartId=1, productId=2, qty=1
2026-08-23T09:54:37.895Z  INFO 14468 --- [           main] c.ebookstore.order.service.OrderService  : Order created: orderId=1, orderNumber=ORD-57BD072038FD, userId=1, total=89.98
2026-08-23T09:54:37.958Z  INFO 14468 --- [           main] c.ebookstore.order.service.OrderService  : buyAgain: product 2 unavailable (active=false, stock=29) — skipping
2026-08-23T09:54:37.958Z  INFO 14468 --- [           main] c.ebookstore.order.service.OrderService  : buyAgain: added 1 products to cart for userId=1, orderId=1
]]></system-out>
  </testcase>
  <testcase name="checkout_noPaymentRecordCreated" classname="com.ebookstore.order.OrderControllerIT" time="0.389">
    <system-out><![CDATA[2026-08-23T09:54:38.168Z  INFO 14468 --- [           main] c.ebookstore.auth.service.AuthService    : Registered new user id=1 email=ord_nopay@example.com
2026-08-23T09:54:38.257Z  INFO 14468 --- [           main] c.ebookstore.auth.service.AuthService    : User logged in: email=ord_nopay@example.com
2026-08-23T09:54:38.285Z  INFO 14468 --- [           main] c.ebookstore.cart.service.CartService    : Added cart item: cartId=1, productId=1, qty=1
2026-08-23T09:54:38.347Z  INFO 14468 --- [           main] c.ebookstore.order.service.OrderService  : Order created: orderId=1, orderNumber=ORD-FA01DA7E5A4D, userId=1, total=39.99
]]></system-out>
  </testcase>
  <testcase name="checkout_emptyCart_returns4xx" classname="com.ebookstore.order.OrderControllerIT" time="0.245">
    <system-out><![CDATA[2026-08-23T09:54:38.504Z  INFO 14468 --- [           main] c.ebookstore.auth.service.AuthService    : Registered new user id=1 email=ord_empty@example.com
2026-08-23T09:54:38.587Z  INFO 14468 --- [           main] c.ebookstore.auth.service.AuthService    : User logged in: email=ord_empty@example.com
2026-08-23T09:54:38.621Z  WARN 14468 --- [           main] c.e.c.exception.GlobalExceptionHandler   : Invalid request: Cannot checkout with an empty cart.
]]></system-out>
  </testcase>
  <testcase name="cancelOrder_anotherUsersOrder_returns404" classname="com.ebookstore.order.OrderControllerIT" time="0.468">
    <system-out><![CDATA[2026-08-23T09:54:38.745Z  INFO 14468 --- [           main] c.ebookstore.auth.service.AuthService    : Registered new user id=1 email=ord_canc_owner@example.com
2026-08-23T09:54:38.821Z  INFO 14468 --- [           main] c.ebookstore.auth.service.AuthService    : User logged in: email=ord_canc_owner@example.com
2026-08-23T09:54:38.904Z  INFO 14468 --- [           main] c.ebookstore.auth.service.AuthService    : Registered new user id=2 email=ord_canc_other@example.com
2026-08-23T09:54:38.979Z  INFO 14468 --- [           main] c.ebookstore.auth.service.AuthService    : User logged in: email=ord_canc_other@example.com
2026-08-23T09:54:39.003Z  INFO 14468 --- [           main] c.ebookstore.cart.service.CartService    : Added cart item: cartId=1, productId=1, qty=1
2026-08-23T09:54:39.061Z  INFO 14468 --- [           main] c.ebookstore.order.service.OrderService  : Order created: orderId=1, orderNumber=ORD-E0C2FC0007BE, userId=1, total=39.99
2026-08-23T09:54:39.089Z  WARN 14468 --- [           main] c.e.c.exception.GlobalExceptionHandler   : Resource not found: Order not found with id: 1
]]></system-out>
  </testcase>
  <testcase name="cancelOrder_stockRestoredAfterCancellation" classname="com.ebookstore.order.OrderControllerIT" time="0.338">
    <system-out><![CDATA[2026-08-23T09:54:39.209Z  INFO 14468 --- [           main] c.ebookstore.auth.service.AuthService    : Registered new user id=1 email=ord_stockrestore@example.com
2026-08-23T09:54:39.283Z  INFO 14468 --- [           main] c.ebookstore.auth.service.AuthService    : User logged in: email=ord_stockrestore@example.com
2026-08-23T09:54:39.321Z  INFO 14468 --- [           main] c.ebookstore.cart.service.CartService    : Added cart item: cartId=1, productId=1, qty=1
2026-08-23T09:54:39.380Z  INFO 14468 --- [           main] c.ebookstore.order.service.OrderService  : Order created: orderId=1, orderNumber=ORD-2C6DF83EEACE, userId=1, total=39.99
2026-08-23T09:54:39.414Z  INFO 14468 --- [           main] c.ebookstore.order.service.OrderService  : Order cancelled: orderId=1, orderNumber=ORD-2C6DF83EEACE, userId=1
]]></system-out>
  </testcase>
  <testcase name="afterCheckout_canAddNewItemsToSameCart" classname="com.ebookstore.order.OrderControllerIT" time="0.307">
    <system-out><![CDATA[2026-08-23T09:54:39.545Z  INFO 14468 --- [           main] c.ebookstore.auth.service.AuthService    : Registered new user id=1 email=ord_cartreuse@example.com
2026-08-23T09:54:39.620Z  INFO 14468 --- [           main] c.ebookstore.auth.service.AuthService    : User logged in: email=ord_cartreuse@example.com
2026-08-23T09:54:39.644Z  INFO 14468 --- [           main] c.ebookstore.cart.service.CartService    : Added cart item: cartId=1, productId=1, qty=1
2026-08-23T09:54:39.699Z  INFO 14468 --- [           main] c.ebookstore.order.service.OrderService  : Order created: orderId=1, orderNumber=ORD-EAC74D7D88CF, userId=1, total=39.99
2026-08-23T09:54:39.726Z  INFO 14468 --- [           main] c.ebookstore.cart.service.CartService    : Added cart item: cartId=1, productId=1, qty=1
]]></system-out>
  </testcase>
  <testcase name="checkout_orderItemUnitPriceIsSnapshot_notCartPrice" classname="com.ebookstore.order.OrderControllerIT" time="0.283">
    <system-out><![CDATA[2026-08-23T09:54:39.851Z  INFO 14468 --- [           main] c.ebookstore.auth.service.AuthService    : Registered new user id=1 email=ord_pricesnap@example.com
2026-08-23T09:54:39.926Z  INFO 14468 --- [           main] c.ebookstore.auth.service.AuthService    : User logged in: email=ord_pricesnap@example.com
2026-08-23T09:54:39.952Z  INFO 14468 --- [           main] c.ebookstore.cart.service.CartService    : Added cart item: cartId=1, productId=1, qty=1
2026-08-23T09:54:40.014Z  INFO 14468 --- [           main] c.ebookstore.order.service.OrderService  : Order created: orderId=1, orderNumber=ORD-019AFC3D4D18, userId=1, total=44.99
]]></system-out>
  </testcase>
  <testcase name="buyAgain_usesCurrentProductPrice_notHistoricalOrderItemUnitPrice" classname="com.ebookstore.order.OrderControllerIT" time="0.36">
    <system-out><![CDATA[2026-08-23T09:54:40.136Z  INFO 14468 --- [           main] c.ebookstore.auth.service.AuthService    : Registered new user id=1 email=ord_ba_price@example.com
2026-08-23T09:54:40.209Z  INFO 14468 --- [           main] c.ebookstore.auth.service.AuthService    : User logged in: email=ord_ba_price@example.com
2026-08-23T09:54:40.231Z  INFO 14468 --- [           main] c.ebookstore.cart.service.CartService    : Added cart item: cartId=1, productId=1, qty=1
2026-08-23T09:54:40.288Z  INFO 14468 --- [           main] c.ebookstore.order.service.OrderService  : Order created: orderId=1, orderNumber=ORD-79C8661B540E, userId=1, total=39.99
2026-08-23T09:54:40.344Z  INFO 14468 --- [           main] c.ebookstore.order.service.OrderService  : buyAgain: added 1 products to cart for userId=1, orderId=1
]]></system-out>
  </testcase>
  <testcase name="afterCheckout_cartExistsWithStatusActiveAndNoItems" classname="com.ebookstore.order.OrderControllerIT" time="0.326">
    <system-out><![CDATA[2026-08-23T09:54:40.506Z  INFO 14468 --- [           main] c.ebookstore.auth.service.AuthService    : Registered new user id=1 email=ord_cartafter@example.com
2026-08-23T09:54:40.584Z  INFO 14468 --- [           main] c.ebookstore.auth.service.AuthService    : User logged in: email=ord_cartafter@example.com
2026-08-23T09:54:40.607Z  INFO 14468 --- [           main] c.ebookstore.cart.service.CartService    : Added cart item: cartId=1, productId=1, qty=1
2026-08-23T09:54:40.679Z  INFO 14468 --- [           main] c.ebookstore.order.service.OrderService  : Order created: orderId=1, orderNumber=ORD-86BE2B2E5931, userId=1, total=39.99
]]></system-out>
  </testcase>
  <testcase name="checkout_orderItemContainsTitleSnapshot" classname="com.ebookstore.order.OrderControllerIT" time="0.267">
    <system-out><![CDATA[2026-08-23T09:54:40.818Z  INFO 14468 --- [           main] c.ebookstore.auth.service.AuthService    : Registered new user id=1 email=ord_titlesnap@example.com
2026-08-23T09:54:40.890Z  INFO 14468 --- [           main] c.ebookstore.auth.service.AuthService    : User logged in: email=ord_titlesnap@example.com
2026-08-23T09:54:40.912Z  INFO 14468 --- [           main] c.ebookstore.cart.service.CartService    : Added cart item: cartId=1, productId=1, qty=1
2026-08-23T09:54:40.969Z  INFO 14468 --- [           main] c.ebookstore.order.service.OrderService  : Order created: orderId=1, orderNumber=ORD-AC3D7EE10DE3, userId=1, total=39.99
]]></system-out>
  </testcase>
  <testcase name="listOrders_unauthenticated_returns401" classname="com.ebookstore.order.OrderControllerIT" time="0.037">
    <system-out><![CDATA[2026-08-23T09:54:41.014Z  WARN 14468 --- [           main] com.ebookstore.security.AuthEntryPoint   : Unauthorized request to /orders: Full authentication is required to access this resource
]]></system-out>
  </testcase>
  <testcase name="checkout_usesLiveProductPrice_notStaleCartItemUnitPrice" classname="com.ebookstore.order.OrderControllerIT" time="0.299">
    <system-out><![CDATA[2026-08-23T09:54:41.126Z  INFO 14468 --- [           main] c.ebookstore.auth.service.AuthService    : Registered new user id=1 email=ord_liveprice@example.com
2026-08-23T09:54:41.203Z  INFO 14468 --- [           main] c.ebookstore.auth.service.AuthService    : User logged in: email=ord_liveprice@example.com
2026-08-23T09:54:41.227Z  INFO 14468 --- [           main] c.ebookstore.cart.service.CartService    : Added cart item: cartId=1, productId=1, qty=1
2026-08-23T09:54:41.307Z  INFO 14468 --- [           main] c.ebookstore.order.service.OrderService  : Order created: orderId=1, orderNumber=ORD-29DFCE304A9C, userId=1, total=59.99
]]></system-out>
  </testcase>
  <testcase name="buyAgain_reusesExistingCart_notCreatingSecondCart" classname="com.ebookstore.order.OrderControllerIT" time="0.347">
    <system-out><![CDATA[2026-08-23T09:54:41.429Z  INFO 14468 --- [           main] c.ebookstore.auth.service.AuthService    : Registered new user id=1 email=ord_ba_cart@example.com
2026-08-23T09:54:41.501Z  INFO 14468 --- [           main] c.ebookstore.auth.service.AuthService    : User logged in: email=ord_ba_cart@example.com
2026-08-23T09:54:41.525Z  INFO 14468 --- [           main] c.ebookstore.cart.service.CartService    : Added cart item: cartId=1, productId=1, qty=1
2026-08-23T09:54:41.578Z  INFO 14468 --- [           main] c.ebookstore.order.service.OrderService  : Order created: orderId=1, orderNumber=ORD-C985C37F1F4B, userId=1, total=39.99
2026-08-23T09:54:41.630Z  INFO 14468 --- [           main] c.ebookstore.order.service.OrderService  : buyAgain: added 1 products to cart for userId=1, orderId=1
]]></system-out>
  </testcase>
  <testcase name="listOrders_withStatusFilter_returnsOnlyMatchingOrders" classname="com.ebookstore.order.OrderControllerIT" time="0.301">
    <system-out><![CDATA[2026-08-23T09:54:41.772Z  INFO 14468 --- [           main] c.ebookstore.auth.service.AuthService    : Registered new user id=1 email=ord_filter@example.com
2026-08-23T09:54:41.843Z  INFO 14468 --- [           main] c.ebookstore.auth.service.AuthService    : User logged in: email=ord_filter@example.com
2026-08-23T09:54:41.865Z  INFO 14468 --- [           main] c.ebookstore.cart.service.CartService    : Added cart item: cartId=1, productId=1, qty=1
2026-08-23T09:54:41.915Z  INFO 14468 --- [           main] c.ebookstore.order.service.OrderService  : Order created: orderId=1, orderNumber=ORD-2D72BA94C7F1, userId=1, total=39.99
]]></system-out>
  </testcase>
  <testcase name="afterCheckout_noSecondCartCreated" classname="com.ebookstore.order.OrderControllerIT" time="0.292">
    <system-out><![CDATA[2026-08-23T09:54:42.070Z  INFO 14468 --- [           main] c.ebookstore.auth.service.AuthService    : Registered new user id=1 email=ord_nocart2@example.com
2026-08-23T09:54:42.139Z  INFO 14468 --- [           main] c.ebookstore.auth.service.AuthService    : User logged in: email=ord_nocart2@example.com
2026-08-23T09:54:42.162Z  INFO 14468 --- [           main] c.ebookstore.cart.service.CartService    : Added cart item: cartId=1, productId=1, qty=1
2026-08-23T09:54:42.212Z  INFO 14468 --- [           main] c.ebookstore.order.service.OrderService  : Order created: orderId=1, orderNumber=ORD-AF36E0E1092C, userId=1, total=39.99
]]></system-out>
  </testcase>
  <testcase name="cancelOrder_paidStatusWithinDeadline_returns200Cancelled" classname="com.ebookstore.order.OrderControllerIT" time="0.333">
    <system-out><![CDATA[2026-08-23T09:54:42.378Z  INFO 14468 --- [           main] c.ebookstore.auth.service.AuthService    : Registered new user id=1 email=ord_cancel_paid@example.com
2026-08-23T09:54:42.449Z  INFO 14468 --- [           main] c.ebookstore.auth.service.AuthService    : User logged in: email=ord_cancel_paid@example.com
2026-08-23T09:54:42.470Z  INFO 14468 --- [           main] c.ebookstore.cart.service.CartService    : Added cart item: cartId=1, productId=1, qty=1
2026-08-23T09:54:42.521Z  INFO 14468 --- [           main] c.ebookstore.order.service.OrderService  : Order created: orderId=1, orderNumber=ORD-951CBE1EE754, userId=1, total=39.99
2026-08-23T09:54:42.547Z  INFO 14468 --- [           main] c.e.p.p.SimulatedPaymentProcessor        : SimulatedPaymentProcessor: processing payment reference=PAY-ADFA3AA09C8345FB, amount=39.99
2026-08-23T09:54:42.547Z  INFO 14468 --- [           main] c.e.payment.service.PaymentService       : Payment successful: paymentId=1, paymentReference=PAY-ADFA3AA09C8345FB, orderId=1, userId=1, amount=39.99
2026-08-23T09:54:42.583Z  INFO 14468 --- [           main] c.ebookstore.order.service.OrderService  : Order cancelled: orderId=1, orderNumber=ORD-951CBE1EE754, userId=1
]]></system-out>
  </testcase>
  <testcase name="cancelOrder_afterDeadline_returns409" classname="com.ebookstore.order.OrderControllerIT" time="0.286">
    <system-out><![CDATA[2026-08-23T09:54:42.712Z  INFO 14468 --- [           main] c.ebookstore.auth.service.AuthService    : Registered new user id=1 email=ord_afterdeadline@example.com
2026-08-23T09:54:42.783Z  INFO 14468 --- [           main] c.ebookstore.auth.service.AuthService    : User logged in: email=ord_afterdeadline@example.com
2026-08-23T09:54:42.807Z  INFO 14468 --- [           main] c.ebookstore.cart.service.CartService    : Added cart item: cartId=1, productId=1, qty=1
2026-08-23T09:54:42.854Z  INFO 14468 --- [           main] c.ebookstore.order.service.OrderService  : Order created: orderId=1, orderNumber=ORD-CF224DA31BF2, userId=1, total=39.99
2026-08-23T09:54:42.877Z  WARN 14468 --- [           main] c.e.c.exception.GlobalExceptionHandler   : Order cancellation not allowed: Cancellation deadline has passed for order ORD-CF224DA31BF2
]]></system-out>
  </testcase>
  <testcase name="checkout_addressNotFound_returns404" classname="com.ebookstore.order.OrderControllerIT" time="0.222">
    <system-out><![CDATA[2026-08-23T09:54:42.985Z  INFO 14468 --- [           main] c.ebookstore.auth.service.AuthService    : Registered new user id=1 email=ord_noaddr@example.com
2026-08-23T09:54:43.053Z  INFO 14468 --- [           main] c.ebookstore.auth.service.AuthService    : User logged in: email=ord_noaddr@example.com
2026-08-23T09:54:43.076Z  INFO 14468 --- [           main] c.ebookstore.cart.service.CartService    : Added cart item: cartId=1, productId=1, qty=1
2026-08-23T09:54:43.100Z  WARN 14468 --- [           main] c.e.c.exception.GlobalExceptionHandler   : Resource not found: Address not found with id: 999999
]]></system-out>
  </testcase>
  <testcase name="cancelOrder_pendingPaymentWithinDeadline_returns200Cancelled" classname="com.ebookstore.order.OrderControllerIT" time="0.281">
    <system-out><![CDATA[2026-08-23T09:54:43.208Z  INFO 14468 --- [           main] c.ebookstore.auth.service.AuthService    : Registered new user id=1 email=ord_cancel@example.com
2026-08-23T09:54:43.276Z  INFO 14468 --- [           main] c.ebookstore.auth.service.AuthService    : User logged in: email=ord_cancel@example.com
2026-08-23T09:54:43.298Z  INFO 14468 --- [           main] c.ebookstore.cart.service.CartService    : Added cart item: cartId=1, productId=1, qty=1
2026-08-23T09:54:43.347Z  INFO 14468 --- [           main] c.ebookstore.order.service.OrderService  : Order created: orderId=1, orderNumber=ORD-B03AE23016BD, userId=1, total=39.99
2026-08-23T09:54:43.376Z  INFO 14468 --- [           main] c.ebookstore.order.service.OrderService  : Order cancelled: orderId=1, orderNumber=ORD-B03AE23016BD, userId=1
]]></system-out>
  </testcase>
  <testcase name="checkout_validCart_returns201WithPendingPaymentStatus" classname="com.ebookstore.order.OrderControllerIT" time="0.264">
    <system-out><![CDATA[2026-08-23T09:54:43.492Z  INFO 14468 --- [           main] c.ebookstore.auth.service.AuthService    : Registered new user id=1 email=ord_checkout@example.com
2026-08-23T09:54:43.560Z  INFO 14468 --- [           main] c.ebookstore.auth.service.AuthService    : User logged in: email=ord_checkout@example.com
2026-08-23T09:54:43.586Z  INFO 14468 --- [           main] c.ebookstore.cart.service.CartService    : Added cart item: cartId=1, productId=1, qty=1
2026-08-23T09:54:43.638Z  INFO 14468 --- [           main] c.ebookstore.order.service.OrderService  : Order created: orderId=1, orderNumber=ORD-82AE12F521FA, userId=1, total=39.99
]]></system-out>
  </testcase>
  <testcase name="checkout_stockDecrementedByQuantityAfterCheckout" classname="com.ebookstore.order.OrderControllerIT" time="0.299">
    <system-out><![CDATA[2026-08-23T09:54:43.767Z  INFO 14468 --- [           main] c.ebookstore.auth.service.AuthService    : Registered new user id=1 email=ord_stock@example.com
2026-08-23T09:54:43.839Z  INFO 14468 --- [           main] c.ebookstore.auth.service.AuthService    : User logged in: email=ord_stock@example.com
2026-08-23T09:54:43.868Z  INFO 14468 --- [           main] c.ebookstore.cart.service.CartService    : Added cart item: cartId=1, productId=1, qty=1
2026-08-23T09:54:43.926Z  INFO 14468 --- [           main] c.ebookstore.order.service.OrderService  : Order created: orderId=1, orderNumber=ORD-60C3F9FD3896, userId=1, total=39.99
]]></system-out>
  </testcase>
  <testcase name="listOrders_multiplePlacedAtDesc_newestFirst" classname="com.ebookstore.order.OrderControllerIT" time="0.386">
    <system-out><![CDATA[2026-08-23T09:54:44.078Z  INFO 14468 --- [           main] c.ebookstore.auth.service.AuthService    : Registered new user id=1 email=ord_desc@example.com
2026-08-23T09:54:44.156Z  INFO 14468 --- [           main] c.ebookstore.auth.service.AuthService    : User logged in: email=ord_desc@example.com
2026-08-23T09:54:44.189Z  INFO 14468 --- [           main] c.ebookstore.cart.service.CartService    : Added cart item: cartId=1, productId=1, qty=1
2026-08-23T09:54:44.226Z  INFO 14468 --- [           main] c.ebookstore.order.service.OrderService  : Order created: orderId=1, orderNumber=ORD-993E18A39C26, userId=1, total=39.99
2026-08-23T09:54:44.253Z  INFO 14468 --- [           main] c.ebookstore.cart.service.CartService    : Added cart item: cartId=1, productId=2, qty=1
2026-08-23T09:54:44.298Z  INFO 14468 --- [           main] c.ebookstore.order.service.OrderService  : Order created: orderId=2, orderNumber=ORD-A534ACD230F3, userId=1, total=49.99
]]></system-out>
  </testcase>
  <testcase name="buyAgain_allUnavailable_returns409" classname="com.ebookstore.order.OrderControllerIT" time="0.295">
    <system-out><![CDATA[2026-08-23T09:54:44.452Z  INFO 14468 --- [           main] c.ebookstore.auth.service.AuthService    : Registered new user id=1 email=ord_ba_none@example.com
2026-08-23T09:54:44.526Z  INFO 14468 --- [           main] c.ebookstore.auth.service.AuthService    : User logged in: email=ord_ba_none@example.com
2026-08-23T09:54:44.548Z  INFO 14468 --- [           main] c.ebookstore.cart.service.CartService    : Added cart item: cartId=1, productId=1, qty=1
2026-08-23T09:54:44.597Z  INFO 14468 --- [           main] c.ebookstore.order.service.OrderService  : Order created: orderId=1, orderNumber=ORD-A9B7335FD531, userId=1, total=39.99
2026-08-23T09:54:44.625Z  INFO 14468 --- [           main] c.ebookstore.order.service.OrderService  : buyAgain: product 1 unavailable (active=false, stock=49) — skipping
2026-08-23T09:54:44.627Z  WARN 14468 --- [           main] c.e.c.exception.GlobalExceptionHandler   : Business rule violation: None of the products from order ORD-A9B7335FD531 are currently available.
]]></system-out>
  </testcase>
  <testcase name="listOrders_clientSortParamIgnored" classname="com.ebookstore.order.OrderControllerIT" time="0.296">
    <system-out><![CDATA[2026-08-23T09:54:44.748Z  INFO 14468 --- [           main] c.ebookstore.auth.service.AuthService    : Registered new user id=1 email=ord_nosort@example.com
2026-08-23T09:54:44.823Z  INFO 14468 --- [           main] c.ebookstore.auth.service.AuthService    : User logged in: email=ord_nosort@example.com
2026-08-23T09:54:44.845Z  INFO 14468 --- [           main] c.ebookstore.cart.service.CartService    : Added cart item: cartId=1, productId=1, qty=1
2026-08-23T09:54:44.899Z  INFO 14468 --- [           main] c.ebookstore.order.service.OrderService  : Order created: orderId=1, orderNumber=ORD-F1D8FAE1ACC2, userId=1, total=39.99
]]></system-out>
  </testcase>
  <testcase name="buyAgain_anotherUsersOrder_returns404" classname="com.ebookstore.order.OrderControllerIT" time="0.433">
    <system-out><![CDATA[2026-08-23T09:54:45.040Z  INFO 14468 --- [           main] c.ebookstore.auth.service.AuthService    : Registered new user id=1 email=ord_ba_owner@example.com
2026-08-23T09:54:45.113Z  INFO 14468 --- [           main] c.ebookstore.auth.service.AuthService    : User logged in: email=ord_ba_owner@example.com
2026-08-23T09:54:45.189Z  INFO 14468 --- [           main] c.ebookstore.auth.service.AuthService    : Registered new user id=2 email=ord_ba_other@example.com
2026-08-23T09:54:45.261Z  INFO 14468 --- [           main] c.ebookstore.auth.service.AuthService    : User logged in: email=ord_ba_other@example.com
2026-08-23T09:54:45.283Z  INFO 14468 --- [           main] c.ebookstore.cart.service.CartService    : Added cart item: cartId=1, productId=1, qty=1
2026-08-23T09:54:45.334Z  INFO 14468 --- [           main] c.ebookstore.order.service.OrderService  : Order created: orderId=1, orderNumber=ORD-E17B31290359, userId=1, total=39.99
2026-08-23T09:54:45.357Z  WARN 14468 --- [           main] c.e.c.exception.GlobalExceptionHandler   : Resource not found: Order not found with id: 1
]]></system-out>
  </testcase>
  <testcase name="checkout_giftPointsUsedIsZero" classname="com.ebookstore.order.OrderControllerIT" time="0.263">
    <system-out><![CDATA[2026-08-23T09:54:45.476Z  INFO 14468 --- [           main] c.ebookstore.auth.service.AuthService    : Registered new user id=1 email=ord_gp@example.com
2026-08-23T09:54:45.545Z  INFO 14468 --- [           main] c.ebookstore.auth.service.AuthService    : User logged in: email=ord_gp@example.com
2026-08-23T09:54:45.566Z  INFO 14468 --- [           main] c.ebookstore.cart.service.CartService    : Added cart item: cartId=1, productId=1, qty=1
2026-08-23T09:54:45.615Z  INFO 14468 --- [           main] c.ebookstore.order.service.OrderService  : Order created: orderId=1, orderNumber=ORD-69FDCB77E2C7, userId=1, total=39.99
]]></system-out>
  </testcase>
  <testcase name="getOrder_ownOrder_returns200WithOrderResponse" classname="com.ebookstore.order.OrderControllerIT" time="0.314">
    <system-out><![CDATA[2026-08-23T09:54:45.735Z  INFO 14468 --- [           main] c.ebookstore.auth.service.AuthService    : Registered new user id=1 email=ord_get@example.com
2026-08-23T09:54:45.823Z  INFO 14468 --- [           main] c.ebookstore.auth.service.AuthService    : User logged in: email=ord_get@example.com
2026-08-23T09:54:45.854Z  INFO 14468 --- [           main] c.ebookstore.cart.service.CartService    : Added cart item: cartId=1, productId=1, qty=1
2026-08-23T09:54:45.912Z  INFO 14468 --- [           main] c.ebookstore.order.service.OrderService  : Order created: orderId=1, orderNumber=ORD-9FA3E7011323, userId=1, total=39.99
]]></system-out>
  </testcase>
  <testcase name="listOrders_authenticated_returnsPagedResponseSortedByPlacedAtDesc" classname="com.ebookstore.order.OrderControllerIT" time="0.283">
    <system-out><![CDATA[2026-08-23T09:54:46.051Z  INFO 14468 --- [           main] c.ebookstore.auth.service.AuthService    : Registered new user id=1 email=ord_list@example.com
2026-08-23T09:54:46.126Z  INFO 14468 --- [           main] c.ebookstore.auth.service.AuthService    : User logged in: email=ord_list@example.com
2026-08-23T09:54:46.147Z  INFO 14468 --- [           main] c.ebookstore.cart.service.CartService    : Added cart item: cartId=1, productId=1, qty=1
2026-08-23T09:54:46.195Z  INFO 14468 --- [           main] c.ebookstore.order.service.OrderService  : Order created: orderId=1, orderNumber=ORD-C01C9AA34C78, userId=1, total=39.99
]]></system-out>
  </testcase>
  <testcase name="buyAgain_addsProductsToCart_returns200WithCartResponse" classname="com.ebookstore.order.OrderControllerIT" time="0.3">
    <system-out><![CDATA[2026-08-23T09:54:46.334Z  INFO 14468 --- [           main] c.ebookstore.auth.service.AuthService    : Registered new user id=1 email=ord_buyagain@example.com
2026-08-23T09:54:46.407Z  INFO 14468 --- [           main] c.ebookstore.auth.service.AuthService    : User logged in: email=ord_buyagain@example.com
2026-08-23T09:54:46.427Z  INFO 14468 --- [           main] c.ebookstore.cart.service.CartService    : Added cart item: cartId=1, productId=1, qty=1
2026-08-23T09:54:46.479Z  INFO 14468 --- [           main] c.ebookstore.order.service.OrderService  : Order created: orderId=1, orderNumber=ORD-BC73D566FF42, userId=1, total=39.99
2026-08-23T09:54:46.511Z  INFO 14468 --- [           main] c.ebookstore.order.service.OrderService  : buyAgain: added 1 products to cart for userId=1, orderId=1
]]></system-out>
  </testcase>
  <testcase name="checkout_shippingAddressSnapshotMatchesSelectedAddress" classname="com.ebookstore.order.OrderControllerIT" time="0.258">
    <system-out><![CDATA[2026-08-23T09:54:46.629Z  INFO 14468 --- [           main] c.ebookstore.auth.service.AuthService    : Registered new user id=1 email=ord_addrsnap@example.com
2026-08-23T09:54:46.699Z  INFO 14468 --- [           main] c.ebookstore.auth.service.AuthService    : User logged in: email=ord_addrsnap@example.com
2026-08-23T09:54:46.720Z  INFO 14468 --- [           main] c.ebookstore.cart.service.CartService    : Added cart item: cartId=1, productId=1, qty=1
2026-08-23T09:54:46.773Z  INFO 14468 --- [           main] c.ebookstore.order.service.OrderService  : Order created: orderId=1, orderNumber=ORD-47E0157D5ACF, userId=1, total=39.99
]]></system-out>
  </testcase>
</testsuite>