<?xml version="1.0" encoding="UTF-8"?>
<testsuite xmlns:xsi="http://www.w3.org/2001/XMLSchema-instance" xsi:noNamespaceSchemaLocation="https://maven.apache.org/surefire/maven-surefire-plugin/xsd/surefire-test-report.xsd" version="3.0.2" name="com.ebookstore.payment.PaymentControllerIT" time="4.227" tests="13" errors="0" skipped="0" failures="0">
  <properties>
[...]
</properties>
  <testcase name="payment_orderTransitionsToPaid_notConfirmed" classname="com.ebookstore.payment.PaymentControllerIT" time="0.362">
    <system-out><![CDATA[2026-08-23T09:54:47.072Z  INFO 14468 --- [           main] t.c.s.AnnotationConfigContextLoaderUtils : Could not detect default configuration classes for test class [com.ebookstore.payment.PaymentControllerIT]: PaymentControllerIT does not declare any static, non-private, non-final, nested classes annotated with @Configuration.
2026-08-23T09:54:47.091Z  INFO 14468 --- [           main] .b.t.c.SpringBootTestContextBootstrapper : Found @SpringBootConfiguration com.ebookstore.EbookstoreApplication for test class com.ebookstore.payment.PaymentControllerIT
2026-08-23T09:54:47.244Z  INFO 14468 --- [           main] c.ebookstore.auth.service.AuthService    : Registered new user id=1 email=pay_status@example.com
2026-08-23T09:54:47.325Z  INFO 14468 --- [           main] c.ebookstore.auth.service.AuthService    : User logged in: email=pay_status@example.com
2026-08-23T09:54:47.350Z  INFO 14468 --- [           main] c.ebookstore.cart.service.CartService    : Added cart item: cartId=1, productId=1, qty=1
2026-08-23T09:54:47.405Z  INFO 14468 --- [           main] c.ebookstore.order.service.OrderService  : Order created: orderId=1, orderNumber=ORD-D5691389A26A, userId=1, total=39.99
2026-08-23T09:54:47.431Z  INFO 14468 --- [           main] c.e.p.p.SimulatedPaymentProcessor        : SimulatedPaymentProcessor: processing payment reference=PAY-BD0B11107AB44DF2, amount=39.99
2026-08-23T09:54:47.431Z  INFO 14468 --- [           main] c.e.payment.service.PaymentService       : Payment successful: paymentId=1, paymentReference=PAY-BD0B11107AB44DF2, orderId=1, userId=1, amount=39.99
]]></system-out>
  </testcase>
  <testcase name="getPayment_ownPayment_returnsPaymentResponse" classname="com.ebookstore.payment.PaymentControllerIT" time="0.367">
    <system-out><![CDATA[2026-08-23T09:54:47.585Z  INFO 14468 --- [           main] c.ebookstore.auth.service.AuthService    : Registered new user id=1 email=pay_get@example.com
2026-08-23T09:54:47.664Z  INFO 14468 --- [           main] c.ebookstore.auth.service.AuthService    : User logged in: email=pay_get@example.com
2026-08-23T09:54:47.688Z  INFO 14468 --- [           main] c.ebookstore.cart.service.CartService    : Added cart item: cartId=1, productId=1, qty=1
2026-08-23T09:54:47.742Z  INFO 14468 --- [           main] c.ebookstore.order.service.OrderService  : Order created: orderId=1, orderNumber=ORD-36AAA2E1DAF6, userId=1, total=39.99
2026-08-23T09:54:47.780Z  INFO 14468 --- [           main] c.e.p.p.SimulatedPaymentProcessor        : SimulatedPaymentProcessor: processing payment reference=PAY-33DCB134F6D94335, amount=39.99
2026-08-23T09:54:47.781Z  INFO 14468 --- [           main] c.e.payment.service.PaymentService       : Payment successful: paymentId=1, paymentReference=PAY-33DCB134F6D94335, orderId=1, userId=1, amount=39.99
]]></system-out>
  </testcase>
  <testcase name="payment_amountTakenFromOrderTotal_notFromClient" classname="com.ebookstore.payment.PaymentControllerIT" time="0.403">
    <system-out><![CDATA[2026-08-23T09:54:47.980Z  INFO 14468 --- [           main] c.ebookstore.auth.service.AuthService    : Registered new user id=1 email=pay_amt@example.com
2026-08-23T09:54:48.083Z  INFO 14468 --- [           main] c.ebookstore.auth.service.AuthService    : User logged in: email=pay_amt@example.com
2026-08-23T09:54:48.112Z  INFO 14468 --- [           main] c.ebookstore.cart.service.CartService    : Added cart item: cartId=1, productId=1, qty=1
2026-08-23T09:54:48.175Z  INFO 14468 --- [           main] c.ebookstore.order.service.OrderService  : Order created: orderId=1, orderNumber=ORD-99B7F965503B, userId=1, total=39.99
2026-08-23T09:54:48.220Z  INFO 14468 --- [           main] c.e.p.p.SimulatedPaymentProcessor        : SimulatedPaymentProcessor: processing payment reference=PAY-56AAD7B41C25410D, amount=39.99
2026-08-23T09:54:48.221Z  INFO 14468 --- [           main] c.e.payment.service.PaymentService       : Payment successful: paymentId=1, paymentReference=PAY-56AAD7B41C25410D, orderId=1, userId=1, amount=39.99
]]></system-out>
  </testcase>
  <testcase name="payment_anotherUsersOrder_returns404" classname="com.ebookstore.payment.PaymentControllerIT" time="0.542">
    <system-out><![CDATA[2026-08-23T09:54:48.379Z  INFO 14468 --- [           main] c.ebookstore.auth.service.AuthService    : Registered new user id=1 email=pay_owner@example.com
2026-08-23T09:54:48.466Z  INFO 14468 --- [           main] c.ebookstore.auth.service.AuthService    : User logged in: email=pay_owner@example.com
2026-08-23T09:54:48.494Z  INFO 14468 --- [           main] c.ebookstore.cart.service.CartService    : Added cart item: cartId=1, productId=1, qty=1
2026-08-23T09:54:48.556Z  INFO 14468 --- [           main] c.ebookstore.order.service.OrderService  : Order created: orderId=1, orderNumber=ORD-A7AC272FFB9F, userId=1, total=39.99
2026-08-23T09:54:48.656Z  INFO 14468 --- [           main] c.ebookstore.auth.service.AuthService    : Registered new user id=2 email=pay_attacker@example.com
2026-08-23T09:54:48.751Z  INFO 14468 --- [           main] c.ebookstore.auth.service.AuthService    : User logged in: email=pay_attacker@example.com
2026-08-23T09:54:48.769Z  WARN 14468 --- [           main] c.e.c.exception.GlobalExceptionHandler   : Resource not found: Order not found with id: 1
]]></system-out>
  </testcase>
  <testcase name="getPayment_anotherUsersPayment_returns404" classname="com.ebookstore.payment.PaymentControllerIT" time="0.638">
    <system-out><![CDATA[2026-08-23T09:54:48.932Z  INFO 14468 --- [           main] c.ebookstore.auth.service.AuthService    : Registered new user id=1 email=pay_get_owner@example.com
2026-08-23T09:54:49.023Z  INFO 14468 --- [           main] c.ebookstore.auth.service.AuthService    : User logged in: email=pay_get_owner@example.com
2026-08-23T09:54:49.055Z  INFO 14468 --- [           main] c.ebookstore.cart.service.CartService    : Added cart item: cartId=1, productId=1, qty=1
2026-08-23T09:54:49.138Z  INFO 14468 --- [           main] c.ebookstore.order.service.OrderService  : Order created: orderId=1, orderNumber=ORD-EEF7F027CE10, userId=1, total=39.99
2026-08-23T09:54:49.183Z  INFO 14468 --- [           main] c.e.p.p.SimulatedPaymentProcessor        : SimulatedPaymentProcessor: processing payment reference=PAY-7EFF7B514AFB40B7, amount=39.99
2026-08-23T09:54:49.184Z  INFO 14468 --- [           main] c.e.payment.service.PaymentService       : Payment successful: paymentId=1, paymentReference=PAY-7EFF7B514AFB40B7, orderId=1, userId=1, amount=39.99
2026-08-23T09:54:49.295Z  INFO 14468 --- [           main] c.ebookstore.auth.service.AuthService    : Registered new user id=2 email=pay_get_attacker@example.com
2026-08-23T09:54:49.392Z  INFO 14468 --- [           main] c.ebookstore.auth.service.AuthService    : User logged in: email=pay_get_attacker@example.com
2026-08-23T09:54:49.409Z  WARN 14468 --- [           main] c.e.c.exception.GlobalExceptionHandler   : Resource not found: Payment not found with id: 1
]]></system-out>
  </testcase>
  <testcase name="payment_invalidPaymentMethod_returns400" classname="com.ebookstore.payment.PaymentControllerIT" time="0.246">
    <system-out><![CDATA[2026-08-23T09:54:49.558Z  INFO 14468 --- [           main] c.ebookstore.auth.service.AuthService    : Registered new user id=1 email=pay_badmethod@example.com
2026-08-23T09:54:49.647Z  INFO 14468 --- [           main] c.ebookstore.auth.service.AuthService    : User logged in: email=pay_badmethod@example.com
2026-08-23T09:54:49.656Z  WARN 14468 --- [           main] c.e.c.exception.GlobalExceptionHandler   : Malformed request body on /payments: JSON parse error: Cannot deserialize value of type `com.ebookstore.common.domain.PaymentMethod` from String "BITCOIN": not one of the values accepted for Enum class: [DEBIT_CARD, CREDIT_CARD]
]]></system-out>
  </testcase>
  <testcase name="getPayment_unauthenticated_returns401" classname="com.ebookstore.payment.PaymentControllerIT" time="0.048">
    <system-out><![CDATA[2026-08-23T09:54:49.706Z  WARN 14468 --- [           main] com.ebookstore.security.AuthEntryPoint   : Unauthorized request to /payments/1: Full authentication is required to access this resource
]]></system-out>
  </testcase>
  <testcase name="payment_orderNotPendingPayment_returns409" classname="com.ebookstore.payment.PaymentControllerIT" time="0.349">
    <system-out><![CDATA[2026-08-23T09:54:49.847Z  INFO 14468 --- [           main] c.ebookstore.auth.service.AuthService    : Registered new user id=1 email=pay_notpending@example.com
2026-08-23T09:54:49.935Z  INFO 14468 --- [           main] c.ebookstore.auth.service.AuthService    : User logged in: email=pay_notpending@example.com
2026-08-23T09:54:49.957Z  INFO 14468 --- [           main] c.ebookstore.cart.service.CartService    : Added cart item: cartId=1, productId=1, qty=1
2026-08-23T09:54:50.008Z  INFO 14468 --- [           main] c.ebookstore.order.service.OrderService  : Order created: orderId=1, orderNumber=ORD-DC8422C586AE, userId=1, total=39.99
2026-08-23T09:54:50.032Z  INFO 14468 --- [           main] c.ebookstore.order.service.OrderService  : Order cancelled: orderId=1, orderNumber=ORD-DC8422C586AE, userId=1
2026-08-23T09:54:50.054Z  WARN 14468 --- [           main] c.e.c.exception.GlobalExceptionHandler   : Business rule violation: Payment can only be initiated for orders in PENDING_PAYMENT status. Current status: CANCELLED
]]></system-out>
  </testcase>
  <testcase name="getPayment_nonExistent_returns404" classname="com.ebookstore.payment.PaymentControllerIT" time="0.291">
    <system-out><![CDATA[2026-08-23T09:54:50.239Z  INFO 14468 --- [           main] c.ebookstore.auth.service.AuthService    : Registered new user id=1 email=pay_notfound@example.com
2026-08-23T09:54:50.329Z  INFO 14468 --- [           main] c.ebookstore.auth.service.AuthService    : User logged in: email=pay_notfound@example.com
2026-08-23T09:54:50.344Z  WARN 14468 --- [           main] c.e.c.exception.GlobalExceptionHandler   : Resource not found: Payment not found with id: 999999
]]></system-out>
  </testcase>
  <testcase name="payment_fullFlow_statusSuccessAndPaidAtSet" classname="com.ebookstore.payment.PaymentControllerIT" time="0.365">
    <system-out><![CDATA[2026-08-23T09:54:50.480Z  INFO 14468 --- [           main] c.ebookstore.auth.service.AuthService    : Registered new user id=1 email=pay_flow@example.com
2026-08-23T09:54:50.567Z  INFO 14468 --- [           main] c.ebookstore.auth.service.AuthService    : User logged in: email=pay_flow@example.com
2026-08-23T09:54:50.591Z  INFO 14468 --- [           main] c.ebookstore.cart.service.CartService    : Added cart item: cartId=1, productId=1, qty=1
2026-08-23T09:54:50.646Z  INFO 14468 --- [           main] c.ebookstore.order.service.OrderService  : Order created: orderId=1, orderNumber=ORD-79FC51E7A82B, userId=1, total=39.99
2026-08-23T09:54:50.687Z  INFO 14468 --- [           main] c.e.p.p.SimulatedPaymentProcessor        : SimulatedPaymentProcessor: processing payment reference=PAY-DB720237264D458C, amount=39.99
2026-08-23T09:54:50.688Z  INFO 14468 --- [           main] c.e.payment.service.PaymentService       : Payment successful: paymentId=1, paymentReference=PAY-DB720237264D458C, orderId=1, userId=1, amount=39.99
]]></system-out>
  </testcase>
  <testcase name="payment_missingOrderId_returns400" classname="com.ebookstore.payment.PaymentControllerIT" time="0.224">
    <system-out><![CDATA[2026-08-23T09:54:50.841Z  INFO 14468 --- [           main] c.ebookstore.auth.service.AuthService    : Registered new user id=1 email=pay_noid@example.com
2026-08-23T09:54:50.923Z  INFO 14468 --- [           main] c.ebookstore.auth.service.AuthService    : User logged in: email=pay_noid@example.com
2026-08-23T09:54:50.935Z  WARN 14468 --- [           main] c.e.c.exception.GlobalExceptionHandler   : Validation failed for /payments: {orderId=orderId is required}
]]></system-out>
  </testcase>
  <testcase name="payment_unauthenticated_returns401" classname="com.ebookstore.payment.PaymentControllerIT" time="0.042">
    <system-out><![CDATA[2026-08-23T09:54:50.980Z  WARN 14468 --- [           main] com.ebookstore.security.AuthEntryPoint   : Unauthorized request to /payments: Full authentication is required to access this resource
]]></system-out>
  </testcase>
  <testcase name="payment_duplicatePayment_returns409" classname="com.ebookstore.payment.PaymentControllerIT" time="0.313">
    <system-out><![CDATA[2026-08-23T09:54:51.103Z  INFO 14468 --- [           main] c.ebookstore.auth.service.AuthService    : Registered new user id=1 email=pay_dup@example.com
2026-08-23T09:54:51.184Z  INFO 14468 --- [           main] c.ebookstore.auth.service.AuthService    : User logged in: email=pay_dup@example.com
2026-08-23T09:54:51.203Z  INFO 14468 --- [           main] c.ebookstore.cart.service.CartService    : Added cart item: cartId=1, productId=1, qty=1
2026-08-23T09:54:51.251Z  INFO 14468 --- [           main] c.ebookstore.order.service.OrderService  : Order created: orderId=1, orderNumber=ORD-E0DC3DC4EBC5, userId=1, total=39.99
2026-08-23T09:54:51.276Z  INFO 14468 --- [           main] c.e.p.p.SimulatedPaymentProcessor        : SimulatedPaymentProcessor: processing payment reference=PAY-2243D3F8BCDF4A3C, amount=39.99
2026-08-23T09:54:51.277Z  INFO 14468 --- [           main] c.e.payment.service.PaymentService       : Payment successful: paymentId=1, paymentReference=PAY-2243D3F8BCDF4A3C, orderId=1, userId=1, amount=39.99
2026-08-23T09:54:51.294Z  WARN 14468 --- [           main] c.e.c.exception.GlobalExceptionHandler   : Business rule violation: Payment can only be initiated for orders in PENDING_PAYMENT status. Current status: PAID
]]></system-out>
  </testcase>
</testsuite>