<?xml version="1.0" encoding="UTF-8"?>
<testsuite xmlns:xsi="http://www.w3.org/2001/XMLSchema-instance" xsi:noNamespaceSchemaLocation="https://maven.apache.org/surefire/maven-surefire-plugin/xsd/surefire-test-report.xsd" version="3.0.2" name="com.ebookstore.address.AddressControllerIT" time="22.964" tests="9" errors="0" skipped="0" failures="0">
  <properties>
[...]
</properties>
  <testcase name="deleteAddress_ownAddress_returns204" classname="com.ebookstore.address.AddressControllerIT" time="1.894">
    <system-out><![CDATA[09:53:53.086 [main] INFO org.springframework.test.context.support.AnnotationConfigContextLoaderUtils -- Could not detect default configuration classes for test class [com.ebookstore.address.AddressControllerIT]: AddressControllerIT does not declare any static, non-private, non-final, nested classes annotated with @Configuration.
09:53:53.288 [main] INFO org.springframework.boot.test.context.SpringBootTestContextBootstrapper -- Found @SpringBootConfiguration com.ebookstore.EbookstoreApplication for test class com.ebookstore.address.AddressControllerIT
09:53:53.567 [main] INFO org.testcontainers.images.PullPolicy -- Image pull policy will be performed by: DefaultPullPolicy()
09:53:53.572 [main] INFO org.testcontainers.utility.ImageNameSubstitutor -- Image name substitution will be performed by: DefaultImageNameSubstitutor (composite of 'ConfigurationFileImageNameSubstitutor' and 'PrefixingImageNameSubstitutor')
09:53:53.651 [main] INFO org.testcontainers.DockerClientFactory -- Testcontainers version: 1.21.4
09:53:53.931 [main] INFO org.testcontainers.dockerclient.DockerClientProviderStrategy -- Loaded org.testcontainers.dockerclient.NpipeSocketClientProviderStrategy from ~/.testcontainers.properties, will try it first
09:53:54.365 [main] INFO org.testcontainers.dockerclient.DockerClientProviderStrategy -- Found Docker environment with local Npipe socket (npipe:////./pipe/docker_engine)
09:53:54.368 [main] INFO org.testcontainers.DockerClientFactory -- Docker host IP address is localhost
09:53:54.409 [main] INFO org.testcontainers.DockerClientFactory -- Connected to docker: 
  Server Version: 29.7.2
  API Version: 1.55
  Operating System: Docker Desktop
  Total Memory: 7650 MB
  Labels: 
    com.docker.desktop.address=npipe://\\.\pipe\docker_cli
09:53:54.576 [main] INFO tc.testcontainers/ryuk:0.12.0 -- Creating container for image: testcontainers/ryuk:0.12.0
09:53:54.935 [main] INFO tc.testcontainers/ryuk:0.12.0 -- Container testcontainers/ryuk:0.12.0 is starting: d9897fe108c8b8e3dfa569038b9ab84680ddc25bdfba144a4f26354ee06a35e4
09:53:55.471 [main] INFO tc.testcontainers/ryuk:0.12.0 -- Container testcontainers/ryuk:0.12.0 started in PT0.8951708S
09:53:55.483 [main] INFO org.testcontainers.utility.RyukResourceReaper -- Ryuk started - will monitor and terminate Testcontainers containers on JVM exit
09:53:55.484 [main] INFO org.testcontainers.DockerClientFactory -- Checking the system...
09:53:55.484 [main] INFO org.testcontainers.DockerClientFactory -- ✔︎ Docker server version should be at least 1.6.0
09:53:55.485 [main] INFO tc.postgres:16 -- Creating container for image: postgres:16
09:53:55.636 [main] INFO tc.postgres:16 -- Container postgres:16 is starting: 65ce5912d63a2325c6a0ceb8e9600a678208a66bb23e4baa4c4f9940a58d853b
09:53:57.565 [main] INFO tc.postgres:16 -- Container postgres:16 started in PT2.0795873S
09:53:57.567 [main] INFO tc.postgres:16 -- Container is started (JDBC URL: jdbc:postgresql://localhost:54594/ebookstore_test?loggerLevel=OFF)

  .   ____          _            __ _ _
 /\\ / ___'_ __ _ _(_)_ __  __ _ \ \ \ \
( ( )\___ | '_ | '_| | '_ \/ _` | \ \ \ \
 \\/  ___)| |_)| | | | | || (_| |  ) ) ) )
  '  |____| .__|_| |_|_| |_\__, | / / / /
 =========|_|==============|___/=/_/_/_/

 :: Spring Boot ::                (v3.4.1)

2026-08-23T09:53:58.559Z  INFO 14468 --- [           main] c.e.address.AddressControllerIT          : Starting AddressControllerIT using Java 21.0.12 with PID 14468 (started by BhargavBhutwala in C:\Users\BhargavBhutwala\Desktop\Capstone Project)
2026-08-23T09:53:58.562Z  INFO 14468 --- [           main] c.e.address.AddressControllerIT          : The following 1 profile is active: "test"
2026-08-23T09:54:00.823Z  INFO 14468 --- [           main] .s.d.r.c.RepositoryConfigurationDelegate : Bootstrapping Spring Data JPA repositories in DEFAULT mode.
2026-08-23T09:54:01.026Z  INFO 14468 --- [           main] .s.d.r.c.RepositoryConfigurationDelegate : Finished Spring Data repository scanning in 185 ms. Found 10 JPA repository interfaces.
2026-08-23T09:54:02.574Z  INFO 14468 --- [           main] o.s.b.w.embedded.tomcat.TomcatWebServer  : Tomcat initialized with port 0 (http)
2026-08-23T09:54:02.603Z  INFO 14468 --- [           main] o.apache.catalina.core.StandardService   : Starting service [Tomcat]
2026-08-23T09:54:02.605Z  INFO 14468 --- [           main] o.apache.catalina.core.StandardEngine    : Starting Servlet engine: [Apache Tomcat/10.1.34]
2026-08-23T09:54:02.764Z  INFO 14468 --- [           main] o.a.c.c.C.[Tomcat].[localhost].[/api]    : Initializing Spring embedded WebApplicationContext
2026-08-23T09:54:02.766Z  INFO 14468 --- [           main] w.s.c.ServletWebServerApplicationContext : Root WebApplicationContext: initialization completed in 4175 ms
2026-08-23T09:54:03.599Z  INFO 14468 --- [           main] com.zaxxer.hikari.HikariDataSource       : HikariPool-1 - Starting...
2026-08-23T09:54:03.898Z  INFO 14468 --- [           main] com.zaxxer.hikari.pool.HikariPool        : HikariPool-1 - Added connection org.postgresql.jdbc.PgConnection@37dc7661
2026-08-23T09:54:03.901Z  INFO 14468 --- [           main] com.zaxxer.hikari.HikariDataSource       : HikariPool-1 - Start completed.
2026-08-23T09:54:03.952Z  INFO 14468 --- [           main] org.flywaydb.core.FlywayExecutor         : Database: jdbc:postgresql://localhost:54594/ebookstore_test?loggerLevel=OFF (PostgreSQL 16.15)
2026-08-23T09:54:04.056Z  INFO 14468 --- [           main] o.f.c.i.s.JdbcTableSchemaHistory         : Schema history table "public"."flyway_schema_history" does not exist yet
2026-08-23T09:54:04.065Z  INFO 14468 --- [           main] o.f.core.internal.command.DbValidate     : Successfully validated 11 migrations (execution time 00:00.061s)
2026-08-23T09:54:04.101Z  INFO 14468 --- [           main] o.f.c.i.s.JdbcTableSchemaHistory         : Creating Schema History table "public"."flyway_schema_history" ...
2026-08-23T09:54:04.199Z  INFO 14468 --- [           main] o.f.core.internal.command.DbMigrate      : Current version of schema "public": << Empty Schema >>
2026-08-23T09:54:04.262Z  INFO 14468 --- [           main] o.f.core.internal.command.DbMigrate      : Migrating schema "public" to version "1 - create users"
2026-08-23T09:54:04.327Z  INFO 14468 --- [           main] o.f.core.internal.command.DbMigrate      : Migrating schema "public" to version "2 - create addresses"
2026-08-23T09:54:04.369Z  INFO 14468 --- [           main] o.f.core.internal.command.DbMigrate      : Migrating schema "public" to version "3 - create categories"
2026-08-23T09:54:04.407Z  INFO 14468 --- [           main] o.f.core.internal.command.DbMigrate      : Migrating schema "public" to version "4 - create brands"
2026-08-23T09:54:04.455Z  INFO 14468 --- [           main] o.f.core.internal.command.DbMigrate      : Migrating schema "public" to version "5 - create products"
2026-08-23T09:54:04.498Z  INFO 14468 --- [           main] o.f.core.internal.command.DbMigrate      : Migrating schema "public" to version "6 - create carts"
2026-08-23T09:54:04.540Z  INFO 14468 --- [           main] o.f.core.internal.command.DbMigrate      : Migrating schema "public" to version "7 - create cart items"
2026-08-23T09:54:04.586Z  INFO 14468 --- [           main] o.f.core.internal.command.DbMigrate      : Migrating schema "public" to version "8 - create orders"
2026-08-23T09:54:04.624Z  INFO 14468 --- [           main] o.f.core.internal.command.DbMigrate      : Migrating schema "public" to version "9 - create order items"
2026-08-23T09:54:04.658Z  INFO 14468 --- [           main] o.f.core.internal.command.DbMigrate      : Migrating schema "public" to version "10 - create payments"
2026-08-23T09:54:04.690Z  INFO 14468 --- [           main] o.f.core.internal.command.DbMigrate      : Migrating schema "public" to version "11 - create indexes"
2026-08-23T09:54:04.731Z  INFO 14468 --- [           main] o.f.core.internal.command.DbMigrate      : Successfully applied 11 migrations to schema "public", now at version v11 (execution time 00:00.194s)
2026-08-23T09:54:04.928Z  INFO 14468 --- [           main] o.hibernate.jpa.internal.util.LogHelper  : HHH000204: Processing PersistenceUnitInfo [name: default]
2026-08-23T09:54:05.068Z  INFO 14468 --- [           main] org.hibernate.Version                    : HHH000412: Hibernate ORM core version 6.6.4.Final
2026-08-23T09:54:05.138Z  INFO 14468 --- [           main] o.h.c.internal.RegionFactoryInitiator    : HHH000026: Second-level cache disabled
2026-08-23T09:54:05.478Z  INFO 14468 --- [           main] o.s.o.j.p.SpringPersistenceUnitInfo      : No LoadTimeWeaver setup: ignoring JPA class transformer
2026-08-23T09:54:05.543Z  WARN 14468 --- [           main] org.hibernate.orm.deprecation            : HHH90000025: PostgreSQLDialect does not need to be specified explicitly using 'hibernate.dialect' (remove the property setting and it will be selected by default)
2026-08-23T09:54:05.564Z  INFO 14468 --- [           main] org.hibernate.orm.connections.pooling    : HHH10001005: Database info:
	Database JDBC URL [Connecting through datasource 'HikariDataSource (HikariPool-1)']
	Database driver: undefined/unknown
	Database version: 16.15
	Autocommit mode: undefined/unknown
	Isolation level: undefined/unknown
	Minimum pool size: undefined/unknown
	Maximum pool size: undefined/unknown
2026-08-23T09:54:06.804Z  INFO 14468 --- [           main] o.h.e.t.j.p.i.JtaPlatformInitiator       : HHH000489: No JTA platform available (set 'hibernate.transaction.jta.platform' to enable JTA platform integration)
2026-08-23T09:54:06.849Z  INFO 14468 --- [           main] j.LocalContainerEntityManagerFactoryBean : Initialized JPA EntityManagerFactory for persistence unit 'default'
2026-08-23T09:54:07.855Z  INFO 14468 --- [           main] eAuthenticationProviderManagerConfigurer : Global AuthenticationManager configured with AuthenticationProvider bean with name authenticationProvider
2026-08-23T09:54:07.856Z  WARN 14468 --- [           main] r$InitializeUserDetailsManagerConfigurer : Global AuthenticationManager configured with an AuthenticationProvider bean. UserDetailsService beans will not be used by Spring Security for automatically configuring username/password login. Consider removing the AuthenticationProvider bean. Alternatively, consider using the UserDetailsService in a manually instantiated DaoAuthenticationProvider. If the current configuration is intentional, to turn off this warning, increase the logging level of 'org.springframework.security.config.annotation.authentication.configuration.InitializeUserDetailsBeanManagerConfigurer' to ERROR
2026-08-23T09:54:07.933Z  INFO 14468 --- [           main] o.s.d.j.r.query.QueryEnhancerFactory     : Hibernate is in classpath; If applicable, HQL parser will be used.
2026-08-23T09:54:09.499Z  WARN 14468 --- [           main] JpaBaseConfiguration$JpaWebConfiguration : spring.jpa.open-in-view is enabled by default. Therefore, database queries may be performed during view rendering. Explicitly configure spring.jpa.open-in-view to disable this warning
2026-08-23T09:54:10.163Z  INFO 14468 --- [           main] o.s.b.a.e.web.EndpointLinksResolver      : Exposing 1 endpoint beneath base path '/actuator'
2026-08-23T09:54:11.149Z  INFO 14468 --- [           main] o.a.c.c.C.[Tomcat].[localhost].[/api]    : Initializing Spring TestDispatcherServlet ''
2026-08-23T09:54:11.150Z  INFO 14468 --- [           main] o.s.t.web.servlet.TestDispatcherServlet  : Initializing Servlet ''
2026-08-23T09:54:11.151Z  INFO 14468 --- [           main] o.s.t.web.servlet.TestDispatcherServlet  : Completed initialization in 1 ms
2026-08-23T09:54:11.499Z  INFO 14468 --- [           main] o.s.b.w.embedded.tomcat.TomcatWebServer  : Tomcat started on port 54620 (http) with context path '/api'
2026-08-23T09:54:11.520Z  INFO 14468 --- [           main] c.e.address.AddressControllerIT          : Started AddressControllerIT in 13.833 seconds (process running for 20.047)
2026-08-23T09:54:12.983Z  INFO 14468 --- [           main] c.ebookstore.auth.service.AuthService    : Registered new user id=1 email=addr_delete@example.com
2026-08-23T09:54:13.326Z  INFO 14468 --- [           main] c.ebookstore.auth.service.AuthService    : User logged in: email=addr_delete@example.com
]]></system-out>
    <system-err><![CDATA[Mockito is currently self-attaching to enable the inline-mock-maker. This will no longer work in future releases of the JDK. Please add Mockito as an agent to your build what is described in Mockito's documentation: https://javadoc.io/doc/org.mockito/mockito-core/latest/org/mockito/Mockito.html#0.3
WARNING: A Java agent has been loaded dynamically (C:\Users\BhargavBhutwala\.m2\repository\net\bytebuddy\byte-buddy-agent\1.15.11\byte-buddy-agent-1.15.11.jar)
WARNING: If a serviceability tool is in use, please run with -XX:+EnableDynamicAgentLoading to hide this warning
WARNING: If a serviceability tool is not in use, please run with -Djdk.instrument.traceUsage for more information
WARNING: Dynamic loading of agents will be disallowed by default in a future release
]]></system-err>
  </testcase>
  <testcase name="createAddress_validRequest_returns201" classname="com.ebookstore.address.AddressControllerIT" time="0.331">
    <system-out><![CDATA[2026-08-23T09:54:13.759Z  INFO 14468 --- [           main] c.ebookstore.auth.service.AuthService    : Registered new user id=1 email=addr_create@example.com
2026-08-23T09:54:13.870Z  INFO 14468 --- [           main] c.ebookstore.auth.service.AuthService    : User logged in: email=addr_create@example.com
]]></system-out>
  </testcase>
  <testcase name="listAddresses_withoutToken_returns401" classname="com.ebookstore.address.AddressControllerIT" time="0.077">
    <system-out><![CDATA[2026-08-23T09:54:13.970Z  WARN 14468 --- [           main] com.ebookstore.security.AuthEntryPoint   : Unauthorized request to /addresses: Full authentication is required to access this resource
]]></system-out>
  </testcase>
  <testcase name="updateAddress_ownAddress_returns200WithUpdatedData" classname="com.ebookstore.address.AddressControllerIT" time="0.323">
    <system-out><![CDATA[2026-08-23T09:54:14.145Z  INFO 14468 --- [           main] c.ebookstore.auth.service.AuthService    : Registered new user id=1 email=addr_update@example.com
2026-08-23T09:54:14.243Z  INFO 14468 --- [           main] c.ebookstore.auth.service.AuthService    : User logged in: email=addr_update@example.com
]]></system-out>
  </testcase>
  <testcase name="deleteAddress_anotherUsersAddress_returns404" classname="com.ebookstore.address.AddressControllerIT" time="0.457">
    <system-out><![CDATA[2026-08-23T09:54:14.442Z  INFO 14468 --- [           main] c.ebookstore.auth.service.AuthService    : Registered new user id=1 email=addr_del_owner@example.com
2026-08-23T09:54:14.532Z  INFO 14468 --- [           main] c.ebookstore.auth.service.AuthService    : User logged in: email=addr_del_owner@example.com
2026-08-23T09:54:14.645Z  INFO 14468 --- [           main] c.ebookstore.auth.service.AuthService    : Registered new user id=2 email=addr_del_other@example.com
2026-08-23T09:54:14.730Z  INFO 14468 --- [           main] c.ebookstore.auth.service.AuthService    : User logged in: email=addr_del_other@example.com
2026-08-23T09:54:14.757Z  WARN 14468 --- [           main] c.e.c.exception.GlobalExceptionHandler   : Resource not found: Address not found with id: 1
]]></system-out>
  </testcase>
  <testcase name="createAddress_unauthenticated_returns401" classname="com.ebookstore.address.AddressControllerIT" time="0.052">
    <system-out><![CDATA[2026-08-23T09:54:14.813Z  WARN 14468 --- [           main] com.ebookstore.security.AuthEntryPoint   : Unauthorized request to /addresses: Full authentication is required to access this resource
]]></system-out>
  </testcase>
  <testcase name="createAddress_missingRequiredField_returns400WithFieldErrors" classname="com.ebookstore.address.AddressControllerIT" time="0.256">
    <system-out><![CDATA[2026-08-23T09:54:14.960Z  INFO 14468 --- [           main] c.ebookstore.auth.service.AuthService    : Registered new user id=1 email=addr_invalid@example.com
2026-08-23T09:54:15.046Z  INFO 14468 --- [           main] c.ebookstore.auth.service.AuthService    : User logged in: email=addr_invalid@example.com
2026-08-23T09:54:15.068Z  WARN 14468 --- [           main] c.e.c.exception.GlobalExceptionHandler   : Validation failed for /addresses: {addressLine1=addressLine1 is required}
]]></system-out>
  </testcase>
  <testcase name="listAddresses_withValidToken_returnsOwnAddresses" classname="com.ebookstore.address.AddressControllerIT" time="0.266">
    <system-out><![CDATA[2026-08-23T09:54:15.201Z  INFO 14468 --- [           main] c.ebookstore.auth.service.AuthService    : Registered new user id=1 email=addr_list@example.com
2026-08-23T09:54:15.280Z  INFO 14468 --- [           main] c.ebookstore.auth.service.AuthService    : User logged in: email=addr_list@example.com
]]></system-out>
  </testcase>
  <testcase name="updateAddress_anotherUsersAddress_returns404" classname="com.ebookstore.address.AddressControllerIT" time="0.426">
    <system-out><![CDATA[2026-08-23T09:54:15.465Z  INFO 14468 --- [           main] c.ebookstore.auth.service.AuthService    : Registered new user id=1 email=addr_owner@example.com
2026-08-23T09:54:15.547Z  INFO 14468 --- [           main] c.ebookstore.auth.service.AuthService    : User logged in: email=addr_owner@example.com
2026-08-23T09:54:15.656Z  INFO 14468 --- [           main] c.ebookstore.auth.service.AuthService    : Registered new user id=2 email=addr_other@example.com
2026-08-23T09:54:15.740Z  INFO 14468 --- [           main] c.ebookstore.auth.service.AuthService    : User logged in: email=addr_other@example.com
2026-08-23T09:54:15.762Z  WARN 14468 --- [           main] c.e.c.exception.GlobalExceptionHandler   : Resource not found: Address not found with id: 1
]]></system-out>
  </testcase>
</testsuite>